<?xml version="1.0" encoding="UTF-8"?>
<!-- Generated by org.testng.reporters.JUnitReportReporter -->
<testsuite hostname="DESKTOP-LDTVDFM" name="runner.PositiveTest" tests="1" failures="0" timestamp="21 Dec 2018 11:38:31 GMT" time="50.820" errors="0">
  <testcase name="feature" time="50.820" classname="runner.PositiveTest"/>
</testsuite> <!-- runner.PositiveTest -->
